{
  "/Users/maxime/Documents/workspace-spring-tools-for-eclipse-5.1.1.RELEASE/EtuBibliothèque/Front-end---Testez-et-am-liorez-une-application-existante-main/src/app/shared/material.module.ts": {
    "path": "/Users/maxime/Documents/workspace-spring-tools-for-eclipse-5.1.1.RELEASE/EtuBibliothèque/Front-end---Testez-et-am-liorez-une-application-existante-main/src/app/shared/material.module.ts",
    "statementMap": {
      "0": {
        "start": {
          "line": 30,
          "column": 24
        },
        "end": {
          "line": 30,
          "column": 517
        }
      },
      "1": {
        "start": {
          "line": 31,
          "column": 41
        },
        "end": {
          "line": 44,
          "column": 4
        }
      },
      "2": {
        "start": {
          "line": 33,
          "column": 18
        },
        "end": {
          "line": 35,
          "column": 5
        }
      },
      "3": {
        "start": {
          "line": 34,
          "column": 6
        },
        "end": {
          "line": 34,
          "column": 57
        }
      },
      "4": {
        "start": {
          "line": 36,
          "column": 31
        },
        "end": {
          "line": 38,
          "column": 6
        }
      },
      "5": {
        "start": {
          "line": 39,
          "column": 31
        },
        "end": {
          "line": 41,
          "column": 6
        }
      },
      "6": {
        "start": {
          "line": 43,
          "column": 2
        },
        "end": {
          "line": 43,
          "column": 24
        }
      },
      "7": {
        "start": {
          "line": 45,
          "column": 0
        },
        "end": {
          "line": 50,
          "column": 5
        }
      },
      "8": {
        "start": {
          "line": 46,
          "column": 2
        },
        "end": {
          "line": 49,
          "column": 5
        }
      }
    },
    "fnMap": {
      "0": {
        "name": "(anonymous_0)",
        "decl": {
          "start": {
            "line": 31,
            "column": 42
          },
          "end": {
            "line": 31,
            "column": 43
          }
        },
        "loc": {
          "start": {
            "line": 31,
            "column": 48
          },
          "end": {
            "line": 44,
            "column": 1
          }
        },
        "line": 31
      },
      "1": {
        "name": "MaterialModule_Factory",
        "decl": {
          "start": {
            "line": 33,
            "column": 27
          },
          "end": {
            "line": 33,
            "column": 49
          }
        },
        "loc": {
          "start": {
            "line": 33,
            "column": 69
          },
          "end": {
            "line": 35,
            "column": 5
          }
        },
        "line": 33
      },
      "2": {
        "name": "(anonymous_2)",
        "decl": {
          "start": {
            "line": 45,
            "column": 1
          },
          "end": {
            "line": 45,
            "column": 2
          }
        },
        "loc": {
          "start": {
            "line": 45,
            "column": 13
          },
          "end": {
            "line": 50,
            "column": 1
          }
        },
        "line": 45
      }
    },
    "branchMap": {
      "0": {
        "loc": {
          "start": {
            "line": 34,
            "column": 18
          },
          "end": {
            "line": 34,
            "column": 53
          }
        },
        "type": "binary-expr",
        "locations": [
          {
            "start": {
              "line": 34,
              "column": 18
            },
            "end": {
              "line": 34,
              "column": 35
            }
          },
          {
            "start": {
              "line": 34,
              "column": 39
            },
            "end": {
              "line": 34,
              "column": 53
            }
          }
        ],
        "line": 34
      },
      "1": {
        "loc": {
          "start": {
            "line": 46,
            "column": 2
          },
          "end": {
            "line": 49,
            "column": 4
          }
        },
        "type": "binary-expr",
        "locations": [
          {
            "start": {
              "line": 46,
              "column": 3
            },
            "end": {
              "line": 46,
              "column": 35
            }
          },
          {
            "start": {
              "line": 46,
              "column": 39
            },
            "end": {
              "line": 46,
              "column": 48
            }
          },
          {
            "start": {
              "line": 46,
              "column": 53
            },
            "end": {
              "line": 49,
              "column": 4
            }
          }
        ],
        "line": 46
      }
    },
    "s": {
      "0": 10,
      "1": 10,
      "2": 10,
      "3": 12,
      "4": 10,
      "5": 10,
      "6": 10,
      "7": 10,
      "8": 10
    },
    "f": {
      "0": 10,
      "1": 12,
      "2": 10
    },
    "b": {
      "0": [
        12,
        12
      ],
      "1": [
        10,
        0,
        10
      ]
    },
    "inputSourceMap": {
      "version": 3,
      "names": [
        "OverlayModule",
        "CdkTreeModule",
        "PortalModule",
        "MatAutocompleteModule",
        "MatButtonModule",
        "MatButtonToggleModule",
        "MatCardModule",
        "MatCheckboxModule",
        "MatChipsModule",
        "MatRippleModule",
        "MatDividerModule",
        "MatExpansionModule",
        "MatFormFieldModule",
        "MatIconModule",
        "MatInputModule",
        "MatListModule",
        "MatMenuModule",
        "MatPaginatorModule",
        "MatProgressSpinnerModule",
        "MatSelectModule",
        "MatSidenavModule",
        "MatSnackBarModule",
        "MatSortModule",
        "MatTableModule",
        "MatTabsModule",
        "MatToolbarModule",
        "MatTreeModule",
        "ReactiveFormsModule",
        "materialModules",
        "MaterialModule",
        "imports",
        "exports"
      ],
      "sources": [
        "/Users/maxime/Documents/workspace-spring-tools-for-eclipse-5.1.1.RELEASE/EtuBibliothèque/Front-end---Testez-et-am-liorez-une-application-existante-main/src/app/shared/material.module.ts"
      ],
      "sourcesContent": [
        "import { NgModule } from '@angular/core';\nimport { OverlayModule } from '@angular/cdk/overlay';\nimport { CdkTreeModule } from '@angular/cdk/tree';\nimport { PortalModule } from '@angular/cdk/portal';\nimport { MatAutocompleteModule } from '@angular/material/autocomplete';\nimport { MatButtonModule } from '@angular/material/button';\nimport { MatButtonToggleModule } from '@angular/material/button-toggle';\nimport { MatCardModule } from '@angular/material/card';\nimport { MatCheckboxModule } from '@angular/material/checkbox';\nimport { MatChipsModule } from '@angular/material/chips';\nimport { MatRippleModule } from '@angular/material/core';\nimport { MatDividerModule } from '@angular/material/divider';\nimport { MatExpansionModule } from '@angular/material/expansion';\nimport { MatFormFieldModule } from '@angular/material/form-field';\nimport { MatIconModule } from '@angular/material/icon';\nimport { MatInputModule } from '@angular/material/input';\nimport { MatListModule } from '@angular/material/list';\nimport { MatMenuModule } from '@angular/material/menu';\nimport { MatPaginatorModule } from '@angular/material/paginator';\nimport { MatProgressSpinnerModule } from '@angular/material/progress-spinner';\nimport { MatSelectModule } from '@angular/material/select';\nimport { MatSidenavModule } from '@angular/material/sidenav';\nimport { MatSnackBarModule } from '@angular/material/snack-bar';\nimport { MatSortModule } from '@angular/material/sort';\nimport { MatTableModule } from '@angular/material/table';\nimport { MatTabsModule } from '@angular/material/tabs';\nimport { MatToolbarModule } from '@angular/material/toolbar';\nimport { MatTreeModule } from '@angular/material/tree';\nimport { ReactiveFormsModule } from '@angular/forms';\n\n\nconst materialModules = [\n  ReactiveFormsModule,\n  CdkTreeModule,\n  MatAutocompleteModule,\n  MatButtonModule,\n  MatCardModule,\n  MatCheckboxModule,\n  MatChipsModule,\n  MatDividerModule,\n  MatExpansionModule,\n  MatIconModule,\n  MatInputModule,\n  MatListModule,\n  MatMenuModule,\n  MatProgressSpinnerModule,\n  MatPaginatorModule,\n  MatRippleModule,\n  MatSelectModule,\n  MatSidenavModule,\n  MatSnackBarModule,\n  MatSortModule,\n  MatTableModule,\n  MatTabsModule,\n  MatToolbarModule,\n  MatFormFieldModule,\n  MatButtonToggleModule,\n  MatTreeModule,\n  OverlayModule,\n  PortalModule\n];\n\n@NgModule({\n  imports: [\n    ...materialModules\n  ],\n  exports: [\n    ...materialModules\n  ],\n})\nexport class MaterialModule { }\n"
      ],
      "mappings": "AACA,SAASA,aAAa,QAAQ,sBAAsB;AACpD,SAASC,aAAa,QAAQ,mBAAmB;AACjD,SAASC,YAAY,QAAQ,qBAAqB;AAClD,SAASC,qBAAqB,QAAQ,gCAAgC;AACtE,SAASC,eAAe,QAAQ,0BAA0B;AAC1D,SAASC,qBAAqB,QAAQ,iCAAiC;AACvE,SAASC,aAAa,QAAQ,wBAAwB;AACtD,SAASC,iBAAiB,QAAQ,4BAA4B;AAC9D,SAASC,cAAc,QAAQ,yBAAyB;AACxD,SAASC,eAAe,QAAQ,wBAAwB;AACxD,SAASC,gBAAgB,QAAQ,2BAA2B;AAC5D,SAASC,kBAAkB,QAAQ,6BAA6B;AAChE,SAASC,kBAAkB,QAAQ,8BAA8B;AACjE,SAASC,aAAa,QAAQ,wBAAwB;AACtD,SAASC,cAAc,QAAQ,yBAAyB;AACxD,SAASC,aAAa,QAAQ,wBAAwB;AACtD,SAASC,aAAa,QAAQ,wBAAwB;AACtD,SAASC,kBAAkB,QAAQ,6BAA6B;AAChE,SAASC,wBAAwB,QAAQ,oCAAoC;AAC7E,SAASC,eAAe,QAAQ,0BAA0B;AAC1D,SAASC,gBAAgB,QAAQ,2BAA2B;AAC5D,SAASC,iBAAiB,QAAQ,6BAA6B;AAC/D,SAASC,aAAa,QAAQ,wBAAwB;AACtD,SAASC,cAAc,QAAQ,yBAAyB;AACxD,SAASC,aAAa,QAAQ,wBAAwB;AACtD,SAASC,gBAAgB,QAAQ,2BAA2B;AAC5D,SAASC,aAAa,QAAQ,wBAAwB;AACtD,SAASC,mBAAmB,QAAQ,gBAAgB;;AAGpD,MAAMC,eAAe,GAAG,CACtBD,mBAAmB,EACnB1B,aAAa,EACbE,qBAAqB,EACrBC,eAAe,EACfE,aAAa,EACbC,iBAAiB,EACjBC,cAAc,EACdE,gBAAgB,EAChBC,kBAAkB,EAClBE,aAAa,EACbC,cAAc,EACdC,aAAa,EACbC,aAAa,EACbE,wBAAwB,EACxBD,kBAAkB,EAClBR,eAAe,EACfU,eAAe,EACfC,gBAAgB,EAChBC,iBAAiB,EACjBC,aAAa,EACbC,cAAc,EACdC,aAAa,EACbC,gBAAgB,EAChBb,kBAAkB,EAClBP,qBAAqB,EACrBqB,aAAa,EACb1B,aAAa,EACbE,YAAY,CACb;AAUD,WAAa2B,cAAc;EAArB,MAAOA,cAAc;;uCAAdA,cAAc;IAAA;;YAAdA;IAAc;;gBANpBD,eAAe,EAhCpBD,mBAAmB,EACnB1B,aAAa,EACbE,qBAAqB,EACrBC,eAAe,EACfE,aAAa,EACbC,iBAAiB,EACjBC,cAAc,EACdE,gBAAgB,EAChBC,kBAAkB,EAClBE,aAAa,EACbC,cAAc,EACdC,aAAa,EACbC,aAAa,EACbE,wBAAwB,EACxBD,kBAAkB,EAClBR,eAAe,EACfU,eAAe,EACfC,gBAAgB,EAChBC,iBAAiB,EACjBC,aAAa,EACbC,cAAc,EACdC,aAAa,EACbC,gBAAgB,EAChBb,kBAAkB,EAClBP,qBAAqB,EACrBqB,aAAa,EACb1B,aAAa,EACbE,YAAY;IAAA;;SAWD2B,cAAc;AAAA;;2EAAdA,cAAc;IAAAC,OAAA,GAtCzBH,mBAAmB,EACnB1B,aAAa,EACbE,qBAAqB,EACrBC,eAAe,EACfE,aAAa,EACbC,iBAAiB,EACjBC,cAAc,EACdE,gBAAgB,EAChBC,kBAAkB,EAClBE,aAAa,EACbC,cAAc,EACdC,aAAa,EACbC,aAAa,EACbE,wBAAwB,EACxBD,kBAAkB,EAClBR,eAAe,EACfU,eAAe,EACfC,gBAAgB,EAChBC,iBAAiB,EACjBC,aAAa,EACbC,cAAc,EACdC,aAAa,EACbC,gBAAgB,EAChBb,kBAAkB,EAClBP,qBAAqB,EACrBqB,aAAa,EACb1B,aAAa,EACbE,YAAY;IAAA6B,OAAA,GA3BZJ,mBAAmB,EACnB1B,aAAa,EACbE,qBAAqB,EACrBC,eAAe,EACfE,aAAa,EACbC,iBAAiB,EACjBC,cAAc,EACdE,gBAAgB,EAChBC,kBAAkB,EAClBE,aAAa,EACbC,cAAc,EACdC,aAAa,EACbC,aAAa,EACbE,wBAAwB,EACxBD,kBAAkB,EAClBR,eAAe,EACfU,eAAe,EACfC,gBAAgB,EAChBC,iBAAiB,EACjBC,aAAa,EACbC,cAAc,EACdC,aAAa,EACbC,gBAAgB,EAChBb,kBAAkB,EAClBP,qBAAqB,EACrBqB,aAAa,EACb1B,aAAa,EACbE,YAAY;EAAA;AAAA",
      "ignoreList": []
    },
    "_coverageSchema": "1a1c01bbd47fc00a2c39e90264f33305004495a9",
    "hash": "09008f93e661251e85fbdc7c114b41c9f31d7727"
  },
  "/Users/maxime/Documents/workspace-spring-tools-for-eclipse-5.1.1.RELEASE/EtuBibliothèque/Front-end---Testez-et-am-liorez-une-application-existante-main/src/app/core/service/user.service.ts": {
    "path": "/Users/maxime/Documents/workspace-spring-tools-for-eclipse-5.1.1.RELEASE/EtuBibliothèque/Front-end---Testez-et-am-liorez-une-application-existante-main/src/app/core/service/user.service.ts",
    "statementMap": {
      "0": {
        "start": {
          "line": 3,
          "column": 38
        },
        "end": {
          "line": 41,
          "column": 4
        }
      },
      "1": {
        "start": {
          "line": 7,
          "column": 6
        },
        "end": {
          "line": 7,
          "column": 35
        }
      },
      "2": {
        "start": {
          "line": 10,
          "column": 6
        },
        "end": {
          "line": 10,
          "column": 57
        }
      },
      "3": {
        "start": {
          "line": 14,
          "column": 6
        },
        "end": {
          "line": 16,
          "column": 9
        }
      },
      "4": {
        "start": {
          "line": 19,
          "column": 6
        },
        "end": {
          "line": 19,
          "column": 55
        }
      },
      "5": {
        "start": {
          "line": 22,
          "column": 6
        },
        "end": {
          "line": 22,
          "column": 50
        }
      },
      "6": {
        "start": {
          "line": 25,
          "column": 6
        },
        "end": {
          "line": 25,
          "column": 60
        }
      },
      "7": {
        "start": {
          "line": 29,
          "column": 6
        },
        "end": {
          "line": 29,
          "column": 56
        }
      },
      "8": {
        "start": {
          "line": 31,
          "column": 18
        },
        "end": {
          "line": 33,
          "column": 5
        }
      },
      "9": {
        "start": {
          "line": 32,
          "column": 6
        },
        "end": {
          "line": 32,
          "column": 80
        }
      },
      "10": {
        "start": {
          "line": 34,
          "column": 32
        },
        "end": {
          "line": 38,
          "column": 6
        }
      },
      "11": {
        "start": {
          "line": 40,
          "column": 2
        },
        "end": {
          "line": 40,
          "column": 21
        }
      }
    },
    "fnMap": {
      "0": {
        "name": "(anonymous_0)",
        "decl": {
          "start": {
            "line": 3,
            "column": 39
          },
          "end": {
            "line": 3,
            "column": 40
          }
        },
        "loc": {
          "start": {
            "line": 3,
            "column": 45
          },
          "end": {
            "line": 41,
            "column": 1
          }
        },
        "line": 3
      },
      "1": {
        "name": "(anonymous_1)",
        "decl": {
          "start": {
            "line": 6,
            "column": 4
          },
          "end": {
            "line": 6,
            "column": 5
          }
        },
        "loc": {
          "start": {
            "line": 6,
            "column": 28
          },
          "end": {
            "line": 8,
            "column": 5
          }
        },
        "line": 6
      },
      "2": {
        "name": "(anonymous_2)",
        "decl": {
          "start": {
            "line": 9,
            "column": 4
          },
          "end": {
            "line": 9,
            "column": 5
          }
        },
        "loc": {
          "start": {
            "line": 9,
            "column": 19
          },
          "end": {
            "line": 11,
            "column": 5
          }
        },
        "line": 9
      },
      "3": {
        "name": "(anonymous_3)",
        "decl": {
          "start": {
            "line": 12,
            "column": 4
          },
          "end": {
            "line": 12,
            "column": 5
          }
        },
        "loc": {
          "start": {
            "line": 12,
            "column": 21
          },
          "end": {
            "line": 17,
            "column": 5
          }
        },
        "line": 12
      },
      "4": {
        "name": "(anonymous_4)",
        "decl": {
          "start": {
            "line": 18,
            "column": 4
          },
          "end": {
            "line": 18,
            "column": 5
          }
        },
        "loc": {
          "start": {
            "line": 18,
            "column": 16
          },
          "end": {
            "line": 20,
            "column": 5
          }
        },
        "line": 18
      },
      "5": {
        "name": "(anonymous_5)",
        "decl": {
          "start": {
            "line": 21,
            "column": 4
          },
          "end": {
            "line": 21,
            "column": 5
          }
        },
        "loc": {
          "start": {
            "line": 21,
            "column": 15
          },
          "end": {
            "line": 23,
            "column": 5
          }
        },
        "line": 21
      },
      "6": {
        "name": "(anonymous_6)",
        "decl": {
          "start": {
            "line": 24,
            "column": 4
          },
          "end": {
            "line": 24,
            "column": 5
          }
        },
        "loc": {
          "start": {
            "line": 24,
            "column": 18
          },
          "end": {
            "line": 26,
            "column": 5
          }
        },
        "line": 24
      },
      "7": {
        "name": "(anonymous_7)",
        "decl": {
          "start": {
            "line": 28,
            "column": 4
          },
          "end": {
            "line": 28,
            "column": 5
          }
        },
        "loc": {
          "start": {
            "line": 28,
            "column": 17
          },
          "end": {
            "line": 30,
            "column": 5
          }
        },
        "line": 28
      },
      "8": {
        "name": "UserService_Factory",
        "decl": {
          "start": {
            "line": 31,
            "column": 27
          },
          "end": {
            "line": 31,
            "column": 46
          }
        },
        "loc": {
          "start": {
            "line": 31,
            "column": 66
          },
          "end": {
            "line": 33,
            "column": 5
          }
        },
        "line": 31
      }
    },
    "branchMap": {
      "0": {
        "loc": {
          "start": {
            "line": 32,
            "column": 18
          },
          "end": {
            "line": 32,
            "column": 50
          }
        },
        "type": "binary-expr",
        "locations": [
          {
            "start": {
              "line": 32,
              "column": 18
            },
            "end": {
              "line": 32,
              "column": 35
            }
          },
          {
            "start": {
              "line": 32,
              "column": 39
            },
            "end": {
              "line": 32,
              "column": 50
            }
          }
        ],
        "line": 32
      }
    },
    "s": {
      "0": 10,
      "1": 10,
      "2": 2,
      "3": 8,
      "4": 6,
      "5": 12,
      "6": 2,
      "7": 2,
      "8": 10,
      "9": 10,
      "10": 10,
      "11": 10
    },
    "f": {
      "0": 10,
      "1": 10,
      "2": 2,
      "3": 8,
      "4": 6,
      "5": 12,
      "6": 2,
      "7": 2,
      "8": 10
    },
    "b": {
      "0": [
        10,
        10
      ]
    },
    "inputSourceMap": {
      "version": 3,
      "names": [
        "UserService",
        "httpClient",
        "constructor",
        "register",
        "user",
        "post",
        "login",
        "loginData",
        "responseType",
        "read",
        "get",
        "readList",
        "delete",
        "update",
        "patch",
        "i0",
        "ɵɵinject",
        "i1",
        "HttpClient",
        "factory",
        "ɵfac",
        "providedIn"
      ],
      "sources": [
        "/Users/maxime/Documents/workspace-spring-tools-for-eclipse-5.1.1.RELEASE/EtuBibliothèque/Front-end---Testez-et-am-liorez-une-application-existante-main/src/app/core/service/user.service.ts"
      ],
      "sourcesContent": [
        "import { Injectable } from '@angular/core';\nimport { Register } from '../models/Register';\nimport { Login } from '../models/Login';\nimport { User } from '../models/User'; // Supposons que tu as un modèle User\nimport { HttpClient } from '@angular/common/http';\nimport { Observable } from 'rxjs';\n\n@Injectable({\n  providedIn: 'root'\n})\nexport class UserService {\n  constructor(private httpClient: HttpClient) { }\n\n  register(user: Register): Observable<User> {\n    return this.httpClient.post<User>('/api/register', user);\n  }\n\n  login(loginData: Login): Observable<string> {\n    // On précise {responseType: 'text'} car le backend renvoie le JWT\n    return this.httpClient.post('/api/login', loginData, { responseType: 'text' });\n  }\n\n  read(login: string): Observable<User> {\n    return this.httpClient.get<User>(`/api/read/${login}` );\n  }\n\n  readList(): Observable<User[]> {\n    return this.httpClient.get<User[]>('/api/readlist');\n  }\n\n  delete(login: string): Observable<void> {\n    return this.httpClient.delete<void>(`/api/delete/${login}` );\n  }\n\n  // N'oublie pas de créer et d'utiliser UserUpdateDTO ici !\n  update(user: any): Observable<void> {\n    return this.httpClient.patch<void>(\"/api/update\", user);\n  }\n}"
      ],
      "mappings": ";;AAUA,WAAaA,WAAW;EAAlB,MAAOA,WAAW;IACFC,UAAA;IAApBC,YAAoBD,UAAsB;MAAtB,KAAAA,UAAU,GAAVA,UAAU;IAAgB;IAE9CE,QAAQA,CAACC,IAAc;MACrB,OAAO,IAAI,CAACH,UAAU,CAACI,IAAI,CAAO,eAAe,EAAED,IAAI,CAAC;IAC1D;IAEAE,KAAKA,CAACC,SAAgB;MACpB;MACA,OAAO,IAAI,CAACN,UAAU,CAACI,IAAI,CAAC,YAAY,EAAEE,SAAS,EAAE;QAAEC,YAAY,EAAE;MAAM,CAAE,CAAC;IAChF;IAEAC,IAAIA,CAACH,KAAa;MAChB,OAAO,IAAI,CAACL,UAAU,CAACS,GAAG,CAAO,aAAaJ,KAAK,EAAE,CAAE;IACzD;IAEAK,QAAQA,CAAA;MACN,OAAO,IAAI,CAACV,UAAU,CAACS,GAAG,CAAS,eAAe,CAAC;IACrD;IAEAE,MAAMA,CAACN,KAAa;MAClB,OAAO,IAAI,CAACL,UAAU,CAACW,MAAM,CAAO,eAAeN,KAAK,EAAE,CAAE;IAC9D;IAEA;IACAO,MAAMA,CAACT,IAAS;MACd,OAAO,IAAI,CAACH,UAAU,CAACa,KAAK,CAAO,aAAa,EAAEV,IAAI,CAAC;IACzD;;uCA3BWJ,WAAW,EAAAe,EAAA,CAAAC,QAAA,CAAAC,EAAA,CAAAC,UAAA;IAAA;;aAAXlB,WAAW;MAAAmB,OAAA,EAAXnB,WAAW,CAAAoB,IAAA;MAAAC,UAAA,EAFV;IAAM;;SAEPrB,WAAW;AAAA",
      "ignoreList": []
    },
    "_coverageSchema": "1a1c01bbd47fc00a2c39e90264f33305004495a9",
    "hash": "3c91304fbdda67ad8801c7ec5f20b4b678987fd6"
  },
  "/Users/maxime/Documents/workspace-spring-tools-for-eclipse-5.1.1.RELEASE/EtuBibliothèque/Front-end---Testez-et-am-liorez-une-application-existante-main/src/app/pages/register/register.component.ts": {
    "path": "/Users/maxime/Documents/workspace-spring-tools-for-eclipse-5.1.1.RELEASE/EtuBibliothèque/Front-end---Testez-et-am-liorez-une-application-existante-main/src/app/pages/register/register.component.ts",
    "statementMap": {
      "0": {
        "start": {
          "line": 11,
          "column": 12
        },
        "end": {
          "line": 13,
          "column": 2
        }
      },
      "1": {
        "start": {
          "line": 11,
          "column": 19
        },
        "end": {
          "line": 13,
          "column": 1
        }
      },
      "2": {
        "start": {
          "line": 15,
          "column": 2
        },
        "end": {
          "line": 19,
          "column": 3
        }
      },
      "3": {
        "start": {
          "line": 16,
          "column": 4
        },
        "end": {
          "line": 16,
          "column": 32
        }
      },
      "4": {
        "start": {
          "line": 17,
          "column": 4
        },
        "end": {
          "line": 17,
          "column": 43
        }
      },
      "5": {
        "start": {
          "line": 18,
          "column": 4
        },
        "end": {
          "line": 18,
          "column": 22
        }
      },
      "6": {
        "start": {
          "line": 22,
          "column": 2
        },
        "end": {
          "line": 26,
          "column": 3
        }
      },
      "7": {
        "start": {
          "line": 23,
          "column": 4
        },
        "end": {
          "line": 23,
          "column": 35
        }
      },
      "8": {
        "start": {
          "line": 24,
          "column": 4
        },
        "end": {
          "line": 24,
          "column": 91
        }
      },
      "9": {
        "start": {
          "line": 25,
          "column": 4
        },
        "end": {
          "line": 25,
          "column": 22
        }
      },
      "10": {
        "start": {
          "line": 27,
          "column": 2
        },
        "end": {
          "line": 31,
          "column": 3
        }
      },
      "11": {
        "start": {
          "line": 28,
          "column": 19
        },
        "end": {
          "line": 28,
          "column": 37
        }
      },
      "12": {
        "start": {
          "line": 29,
          "column": 4
        },
        "end": {
          "line": 29,
          "column": 19
        }
      },
      "13": {
        "start": {
          "line": 30,
          "column": 4
        },
        "end": {
          "line": 30,
          "column": 126
        }
      },
      "14": {
        "start": {
          "line": 34,
          "column": 2
        },
        "end": {
          "line": 38,
          "column": 3
        }
      },
      "15": {
        "start": {
          "line": 35,
          "column": 4
        },
        "end": {
          "line": 35,
          "column": 32
        }
      },
      "16": {
        "start": {
          "line": 36,
          "column": 4
        },
        "end": {
          "line": 36,
          "column": 42
        }
      },
      "17": {
        "start": {
          "line": 37,
          "column": 4
        },
        "end": {
          "line": 37,
          "column": 22
        }
      },
      "18": {
        "start": {
          "line": 41,
          "column": 2
        },
        "end": {
          "line": 45,
          "column": 3
        }
      },
      "19": {
        "start": {
          "line": 42,
          "column": 4
        },
        "end": {
          "line": 42,
          "column": 35
        }
      },
      "20": {
        "start": {
          "line": 43,
          "column": 4
        },
        "end": {
          "line": 43,
          "column": 91
        }
      },
      "21": {
        "start": {
          "line": 44,
          "column": 4
        },
        "end": {
          "line": 44,
          "column": 22
        }
      },
      "22": {
        "start": {
          "line": 46,
          "column": 2
        },
        "end": {
          "line": 50,
          "column": 3
        }
      },
      "23": {
        "start": {
          "line": 47,
          "column": 19
        },
        "end": {
          "line": 47,
          "column": 37
        }
      },
      "24": {
        "start": {
          "line": 48,
          "column": 4
        },
        "end": {
          "line": 48,
          "column": 19
        }
      },
      "25": {
        "start": {
          "line": 49,
          "column": 4
        },
        "end": {
          "line": 49,
          "column": 124
        }
      },
      "26": {
        "start": {
          "line": 53,
          "column": 2
        },
        "end": {
          "line": 57,
          "column": 3
        }
      },
      "27": {
        "start": {
          "line": 54,
          "column": 4
        },
        "end": {
          "line": 54,
          "column": 32
        }
      },
      "28": {
        "start": {
          "line": 55,
          "column": 4
        },
        "end": {
          "line": 55,
          "column": 38
        }
      },
      "29": {
        "start": {
          "line": 56,
          "column": 4
        },
        "end": {
          "line": 56,
          "column": 22
        }
      },
      "30": {
        "start": {
          "line": 60,
          "column": 2
        },
        "end": {
          "line": 64,
          "column": 3
        }
      },
      "31": {
        "start": {
          "line": 61,
          "column": 4
        },
        "end": {
          "line": 61,
          "column": 35
        }
      },
      "32": {
        "start": {
          "line": 62,
          "column": 4
        },
        "end": {
          "line": 62,
          "column": 91
        }
      },
      "33": {
        "start": {
          "line": 63,
          "column": 4
        },
        "end": {
          "line": 63,
          "column": 22
        }
      },
      "34": {
        "start": {
          "line": 65,
          "column": 2
        },
        "end": {
          "line": 69,
          "column": 3
        }
      },
      "35": {
        "start": {
          "line": 66,
          "column": 19
        },
        "end": {
          "line": 66,
          "column": 37
        }
      },
      "36": {
        "start": {
          "line": 67,
          "column": 4
        },
        "end": {
          "line": 67,
          "column": 19
        }
      },
      "37": {
        "start": {
          "line": 68,
          "column": 4
        },
        "end": {
          "line": 68,
          "column": 118
        }
      },
      "38": {
        "start": {
          "line": 72,
          "column": 2
        },
        "end": {
          "line": 76,
          "column": 3
        }
      },
      "39": {
        "start": {
          "line": 73,
          "column": 4
        },
        "end": {
          "line": 73,
          "column": 32
        }
      },
      "40": {
        "start": {
          "line": 74,
          "column": 4
        },
        "end": {
          "line": 74,
          "column": 41
        }
      },
      "41": {
        "start": {
          "line": 75,
          "column": 4
        },
        "end": {
          "line": 75,
          "column": 22
        }
      },
      "42": {
        "start": {
          "line": 79,
          "column": 2
        },
        "end": {
          "line": 83,
          "column": 3
        }
      },
      "43": {
        "start": {
          "line": 80,
          "column": 4
        },
        "end": {
          "line": 80,
          "column": 35
        }
      },
      "44": {
        "start": {
          "line": 81,
          "column": 4
        },
        "end": {
          "line": 81,
          "column": 91
        }
      },
      "45": {
        "start": {
          "line": 82,
          "column": 4
        },
        "end": {
          "line": 82,
          "column": 22
        }
      },
      "46": {
        "start": {
          "line": 84,
          "column": 2
        },
        "end": {
          "line": 88,
          "column": 3
        }
      },
      "47": {
        "start": {
          "line": 85,
          "column": 19
        },
        "end": {
          "line": 85,
          "column": 37
        }
      },
      "48": {
        "start": {
          "line": 86,
          "column": 4
        },
        "end": {
          "line": 86,
          "column": 19
        }
      },
      "49": {
        "start": {
          "line": 87,
          "column": 4
        },
        "end": {
          "line": 87,
          "column": 124
        }
      },
      "50": {
        "start": {
          "line": 90,
          "column": 44
        },
        "end": {
          "line": 218,
          "column": 4
        }
      },
      "51": {
        "start": {
          "line": 93,
          "column": 18
        },
        "end": {
          "line": 93,
          "column": 37
        }
      },
      "52": {
        "start": {
          "line": 94,
          "column": 18
        },
        "end": {
          "line": 94,
          "column": 37
        }
      },
      "53": {
        "start": {
          "line": 95,
          "column": 17
        },
        "end": {
          "line": 95,
          "column": 35
        }
      },
      "54": {
        "start": {
          "line": 96,
          "column": 19
        },
        "end": {
          "line": 96,
          "column": 36
        }
      },
      "55": {
        "start": {
          "line": 97,
          "column": 16
        },
        "end": {
          "line": 97,
          "column": 21
        }
      },
      "56": {
        "start": {
          "line": 99,
          "column": 6
        },
        "end": {
          "line": 99,
          "column": 27
        }
      },
      "57": {
        "start": {
          "line": 102,
          "column": 6
        },
        "end": {
          "line": 107,
          "column": 9
        }
      },
      "58": {
        "start": {
          "line": 110,
          "column": 6
        },
        "end": {
          "line": 110,
          "column": 40
        }
      },
      "59": {
        "start": {
          "line": 113,
          "column": 6
        },
        "end": {
          "line": 113,
          "column": 28
        }
      },
      "60": {
        "start": {
          "line": 114,
          "column": 6
        },
        "end": {
          "line": 116,
          "column": 7
        }
      },
      "61": {
        "start": {
          "line": 115,
          "column": 8
        },
        "end": {
          "line": 115,
          "column": 15
        }
      },
      "62": {
        "start": {
          "line": 117,
          "column": 27
        },
        "end": {
          "line": 122,
          "column": 7
        }
      },
      "63": {
        "start": {
          "line": 123,
          "column": 6
        },
        "end": {
          "line": 125,
          "column": 9
        }
      },
      "64": {
        "start": {
          "line": 124,
          "column": 8
        },
        "end": {
          "line": 124,
          "column": 43
        }
      },
      "65": {
        "start": {
          "line": 128,
          "column": 6
        },
        "end": {
          "line": 128,
          "column": 36
        }
      },
      "66": {
        "start": {
          "line": 131,
          "column": 6
        },
        "end": {
          "line": 131,
          "column": 29
        }
      },
      "67": {
        "start": {
          "line": 132,
          "column": 6
        },
        "end": {
          "line": 132,
          "column": 41
        }
      },
      "68": {
        "start": {
          "line": 134,
          "column": 18
        },
        "end": {
          "line": 136,
          "column": 5
        }
      },
      "69": {
        "start": {
          "line": 135,
          "column": 6
        },
        "end": {
          "line": 135,
          "column": 91
        }
      },
      "70": {
        "start": {
          "line": 137,
          "column": 31
        },
        "end": {
          "line": 215,
          "column": 6
        }
      },
      "71": {
        "start": {
          "line": 144,
          "column": 8
        },
        "end": {
          "line": 191,
          "column": 9
        }
      },
      "72": {
        "start": {
          "line": 145,
          "column": 10
        },
        "end": {
          "line": 145,
          "column": 53
        }
      },
      "73": {
        "start": {
          "line": 146,
          "column": 10
        },
        "end": {
          "line": 146,
          "column": 44
        }
      },
      "74": {
        "start": {
          "line": 147,
          "column": 10
        },
        "end": {
          "line": 147,
          "column": 28
        }
      },
      "75": {
        "start": {
          "line": 148,
          "column": 10
        },
        "end": {
          "line": 148,
          "column": 55
        }
      },
      "76": {
        "start": {
          "line": 149,
          "column": 10
        },
        "end": {
          "line": 151,
          "column": 13
        }
      },
      "77": {
        "start": {
          "line": 150,
          "column": 12
        },
        "end": {
          "line": 150,
          "column": 34
        }
      },
      "78": {
        "start": {
          "line": 152,
          "column": 10
        },
        "end": {
          "line": 152,
          "column": 66
        }
      },
      "79": {
        "start": {
          "line": 153,
          "column": 10
        },
        "end": {
          "line": 153,
          "column": 37
        }
      },
      "80": {
        "start": {
          "line": 154,
          "column": 10
        },
        "end": {
          "line": 154,
          "column": 28
        }
      },
      "81": {
        "start": {
          "line": 155,
          "column": 10
        },
        "end": {
          "line": 155,
          "column": 38
        }
      },
      "82": {
        "start": {
          "line": 156,
          "column": 10
        },
        "end": {
          "line": 156,
          "column": 87
        }
      },
      "83": {
        "start": {
          "line": 157,
          "column": 10
        },
        "end": {
          "line": 157,
          "column": 28
        }
      },
      "84": {
        "start": {
          "line": 158,
          "column": 10
        },
        "end": {
          "line": 158,
          "column": 55
        }
      },
      "85": {
        "start": {
          "line": 159,
          "column": 10
        },
        "end": {
          "line": 159,
          "column": 37
        }
      },
      "86": {
        "start": {
          "line": 160,
          "column": 10
        },
        "end": {
          "line": 160,
          "column": 28
        }
      },
      "87": {
        "start": {
          "line": 161,
          "column": 10
        },
        "end": {
          "line": 161,
          "column": 39
        }
      },
      "88": {
        "start": {
          "line": 162,
          "column": 10
        },
        "end": {
          "line": 162,
          "column": 87
        }
      },
      "89": {
        "start": {
          "line": 163,
          "column": 10
        },
        "end": {
          "line": 163,
          "column": 30
        }
      },
      "90": {
        "start": {
          "line": 164,
          "column": 10
        },
        "end": {
          "line": 164,
          "column": 55
        }
      },
      "91": {
        "start": {
          "line": 165,
          "column": 10
        },
        "end": {
          "line": 165,
          "column": 33
        }
      },
      "92": {
        "start": {
          "line": 166,
          "column": 10
        },
        "end": {
          "line": 166,
          "column": 28
        }
      },
      "93": {
        "start": {
          "line": 167,
          "column": 10
        },
        "end": {
          "line": 167,
          "column": 40
        }
      },
      "94": {
        "start": {
          "line": 168,
          "column": 10
        },
        "end": {
          "line": 168,
          "column": 87
        }
      },
      "95": {
        "start": {
          "line": 169,
          "column": 10
        },
        "end": {
          "line": 169,
          "column": 28
        }
      },
      "96": {
        "start": {
          "line": 170,
          "column": 10
        },
        "end": {
          "line": 170,
          "column": 55
        }
      },
      "97": {
        "start": {
          "line": 171,
          "column": 10
        },
        "end": {
          "line": 171,
          "column": 36
        }
      },
      "98": {
        "start": {
          "line": 172,
          "column": 10
        },
        "end": {
          "line": 172,
          "column": 28
        }
      },
      "99": {
        "start": {
          "line": 173,
          "column": 10
        },
        "end": {
          "line": 173,
          "column": 40
        }
      },
      "100": {
        "start": {
          "line": 174,
          "column": 10
        },
        "end": {
          "line": 174,
          "column": 87
        }
      },
      "101": {
        "start": {
          "line": 175,
          "column": 10
        },
        "end": {
          "line": 175,
          "column": 28
        }
      },
      "102": {
        "start": {
          "line": 176,
          "column": 10
        },
        "end": {
          "line": 176,
          "column": 61
        }
      },
      "103": {
        "start": {
          "line": 177,
          "column": 10
        },
        "end": {
          "line": 177,
          "column": 36
        }
      },
      "104": {
        "start": {
          "line": 178,
          "column": 10
        },
        "end": {
          "line": 178,
          "column": 28
        }
      },
      "105": {
        "start": {
          "line": 179,
          "column": 10
        },
        "end": {
          "line": 179,
          "column": 46
        }
      },
      "106": {
        "start": {
          "line": 180,
          "column": 10
        },
        "end": {
          "line": 182,
          "column": 13
        }
      },
      "107": {
        "start": {
          "line": 181,
          "column": 12
        },
        "end": {
          "line": 181,
          "column": 33
        }
      },
      "108": {
        "start": {
          "line": 183,
          "column": 10
        },
        "end": {
          "line": 183,
          "column": 41
        }
      },
      "109": {
        "start": {
          "line": 184,
          "column": 10
        },
        "end": {
          "line": 184,
          "column": 28
        }
      },
      "110": {
        "start": {
          "line": 185,
          "column": 10
        },
        "end": {
          "line": 185,
          "column": 46
        }
      },
      "111": {
        "start": {
          "line": 186,
          "column": 10
        },
        "end": {
          "line": 188,
          "column": 13
        }
      },
      "112": {
        "start": {
          "line": 187,
          "column": 12
        },
        "end": {
          "line": 187,
          "column": 32
        }
      },
      "113": {
        "start": {
          "line": 189,
          "column": 10
        },
        "end": {
          "line": 189,
          "column": 34
        }
      },
      "114": {
        "start": {
          "line": 190,
          "column": 10
        },
        "end": {
          "line": 190,
          "column": 36
        }
      },
      "115": {
        "start": {
          "line": 192,
          "column": 8
        },
        "end": {
          "line": 211,
          "column": 9
        }
      },
      "116": {
        "start": {
          "line": 193,
          "column": 10
        },
        "end": {
          "line": 193,
          "column": 26
        }
      },
      "117": {
        "start": {
          "line": 194,
          "column": 10
        },
        "end": {
          "line": 194,
          "column": 55
        }
      },
      "118": {
        "start": {
          "line": 195,
          "column": 10
        },
        "end": {
          "line": 195,
          "column": 26
        }
      },
      "119": {
        "start": {
          "line": 196,
          "column": 10
        },
        "end": {
          "line": 196,
          "column": 110
        }
      },
      "120": {
        "start": {
          "line": 197,
          "column": 10
        },
        "end": {
          "line": 197,
          "column": 25
        }
      },
      "121": {
        "start": {
          "line": 198,
          "column": 10
        },
        "end": {
          "line": 198,
          "column": 84
        }
      },
      "122": {
        "start": {
          "line": 199,
          "column": 10
        },
        "end": {
          "line": 199,
          "column": 26
        }
      },
      "123": {
        "start": {
          "line": 200,
          "column": 10
        },
        "end": {
          "line": 200,
          "column": 110
        }
      },
      "124": {
        "start": {
          "line": 201,
          "column": 10
        },
        "end": {
          "line": 201,
          "column": 25
        }
      },
      "125": {
        "start": {
          "line": 202,
          "column": 10
        },
        "end": {
          "line": 202,
          "column": 83
        }
      },
      "126": {
        "start": {
          "line": 203,
          "column": 10
        },
        "end": {
          "line": 203,
          "column": 26
        }
      },
      "127": {
        "start": {
          "line": 204,
          "column": 10
        },
        "end": {
          "line": 204,
          "column": 107
        }
      },
      "128": {
        "start": {
          "line": 205,
          "column": 10
        },
        "end": {
          "line": 205,
          "column": 25
        }
      },
      "129": {
        "start": {
          "line": 206,
          "column": 10
        },
        "end": {
          "line": 206,
          "column": 80
        }
      },
      "130": {
        "start": {
          "line": 207,
          "column": 10
        },
        "end": {
          "line": 207,
          "column": 26
        }
      },
      "131": {
        "start": {
          "line": 208,
          "column": 10
        },
        "end": {
          "line": 208,
          "column": 110
        }
      },
      "132": {
        "start": {
          "line": 209,
          "column": 10
        },
        "end": {
          "line": 209,
          "column": 25
        }
      },
      "133": {
        "start": {
          "line": 210,
          "column": 10
        },
        "end": {
          "line": 210,
          "column": 83
        }
      },
      "134": {
        "start": {
          "line": 217,
          "column": 2
        },
        "end": {
          "line": 217,
          "column": 27
        }
      }
    },
    "fnMap": {
      "0": {
        "name": "(anonymous_0)",
        "decl": {
          "start": {
            "line": 11,
            "column": 12
          },
          "end": {
            "line": 11,
            "column": 13
          }
        },
        "loc": {
          "start": {
            "line": 11,
            "column": 19
          },
          "end": {
            "line": 13,
            "column": 1
          }
        },
        "line": 11
      },
      "1": {
        "name": "RegisterComponent_Conditional_10_Conditional_1_Template",
        "decl": {
          "start": {
            "line": 14,
            "column": 9
          },
          "end": {
            "line": 14,
            "column": 64
          }
        },
        "loc": {
          "start": {
            "line": 14,
            "column": 74
          },
          "end": {
            "line": 20,
            "column": 1
          }
        },
        "line": 14
      },
      "2": {
        "name": "RegisterComponent_Conditional_10_Template",
        "decl": {
          "start": {
            "line": 21,
            "column": 9
          },
          "end": {
            "line": 21,
            "column": 50
          }
        },
        "loc": {
          "start": {
            "line": 21,
            "column": 60
          },
          "end": {
            "line": 32,
            "column": 1
          }
        },
        "line": 21
      },
      "3": {
        "name": "RegisterComponent_Conditional_15_Conditional_1_Template",
        "decl": {
          "start": {
            "line": 33,
            "column": 9
          },
          "end": {
            "line": 33,
            "column": 64
          }
        },
        "loc": {
          "start": {
            "line": 33,
            "column": 74
          },
          "end": {
            "line": 39,
            "column": 1
          }
        },
        "line": 33
      },
      "4": {
        "name": "RegisterComponent_Conditional_15_Template",
        "decl": {
          "start": {
            "line": 40,
            "column": 9
          },
          "end": {
            "line": 40,
            "column": 50
          }
        },
        "loc": {
          "start": {
            "line": 40,
            "column": 60
          },
          "end": {
            "line": 51,
            "column": 1
          }
        },
        "line": 40
      },
      "5": {
        "name": "RegisterComponent_Conditional_20_Conditional_1_Template",
        "decl": {
          "start": {
            "line": 52,
            "column": 9
          },
          "end": {
            "line": 52,
            "column": 64
          }
        },
        "loc": {
          "start": {
            "line": 52,
            "column": 74
          },
          "end": {
            "line": 58,
            "column": 1
          }
        },
        "line": 52
      },
      "6": {
        "name": "RegisterComponent_Conditional_20_Template",
        "decl": {
          "start": {
            "line": 59,
            "column": 9
          },
          "end": {
            "line": 59,
            "column": 50
          }
        },
        "loc": {
          "start": {
            "line": 59,
            "column": 60
          },
          "end": {
            "line": 70,
            "column": 1
          }
        },
        "line": 59
      },
      "7": {
        "name": "RegisterComponent_Conditional_25_Conditional_1_Template",
        "decl": {
          "start": {
            "line": 71,
            "column": 9
          },
          "end": {
            "line": 71,
            "column": 64
          }
        },
        "loc": {
          "start": {
            "line": 71,
            "column": 74
          },
          "end": {
            "line": 77,
            "column": 1
          }
        },
        "line": 71
      },
      "8": {
        "name": "RegisterComponent_Conditional_25_Template",
        "decl": {
          "start": {
            "line": 78,
            "column": 9
          },
          "end": {
            "line": 78,
            "column": 50
          }
        },
        "loc": {
          "start": {
            "line": 78,
            "column": 60
          },
          "end": {
            "line": 89,
            "column": 1
          }
        },
        "line": 78
      },
      "9": {
        "name": "(anonymous_9)",
        "decl": {
          "start": {
            "line": 90,
            "column": 45
          },
          "end": {
            "line": 90,
            "column": 46
          }
        },
        "loc": {
          "start": {
            "line": 90,
            "column": 51
          },
          "end": {
            "line": 218,
            "column": 1
          }
        },
        "line": 90
      },
      "10": {
        "name": "(anonymous_10)",
        "decl": {
          "start": {
            "line": 98,
            "column": 4
          },
          "end": {
            "line": 98,
            "column": 5
          }
        },
        "loc": {
          "start": {
            "line": 98,
            "column": 24
          },
          "end": {
            "line": 100,
            "column": 5
          }
        },
        "line": 98
      },
      "11": {
        "name": "(anonymous_11)",
        "decl": {
          "start": {
            "line": 101,
            "column": 4
          },
          "end": {
            "line": 101,
            "column": 5
          }
        },
        "loc": {
          "start": {
            "line": 101,
            "column": 15
          },
          "end": {
            "line": 108,
            "column": 5
          }
        },
        "line": 101
      },
      "12": {
        "name": "(anonymous_12)",
        "decl": {
          "start": {
            "line": 109,
            "column": 4
          },
          "end": {
            "line": 109,
            "column": 5
          }
        },
        "loc": {
          "start": {
            "line": 109,
            "column": 15
          },
          "end": {
            "line": 111,
            "column": 5
          }
        },
        "line": 109
      },
      "13": {
        "name": "(anonymous_13)",
        "decl": {
          "start": {
            "line": 112,
            "column": 4
          },
          "end": {
            "line": 112,
            "column": 5
          }
        },
        "loc": {
          "start": {
            "line": 112,
            "column": 15
          },
          "end": {
            "line": 126,
            "column": 5
          }
        },
        "line": 112
      },
      "14": {
        "name": "(anonymous_14)",
        "decl": {
          "start": {
            "line": 123,
            "column": 98
          },
          "end": {
            "line": 123,
            "column": 99
          }
        },
        "loc": {
          "start": {
            "line": 123,
            "column": 104
          },
          "end": {
            "line": 125,
            "column": 7
          }
        },
        "line": 123
      },
      "15": {
        "name": "(anonymous_15)",
        "decl": {
          "start": {
            "line": 127,
            "column": 4
          },
          "end": {
            "line": 127,
            "column": 5
          }
        },
        "loc": {
          "start": {
            "line": 127,
            "column": 13
          },
          "end": {
            "line": 129,
            "column": 5
          }
        },
        "line": 127
      },
      "16": {
        "name": "(anonymous_16)",
        "decl": {
          "start": {
            "line": 130,
            "column": 4
          },
          "end": {
            "line": 130,
            "column": 5
          }
        },
        "loc": {
          "start": {
            "line": 130,
            "column": 14
          },
          "end": {
            "line": 133,
            "column": 5
          }
        },
        "line": 130
      },
      "17": {
        "name": "RegisterComponent_Factory",
        "decl": {
          "start": {
            "line": 134,
            "column": 27
          },
          "end": {
            "line": 134,
            "column": 52
          }
        },
        "loc": {
          "start": {
            "line": 134,
            "column": 72
          },
          "end": {
            "line": 136,
            "column": 5
          }
        },
        "line": 134
      },
      "18": {
        "name": "RegisterComponent_Template",
        "decl": {
          "start": {
            "line": 143,
            "column": 25
          },
          "end": {
            "line": 143,
            "column": 51
          }
        },
        "loc": {
          "start": {
            "line": 143,
            "column": 61
          },
          "end": {
            "line": 212,
            "column": 7
          }
        },
        "line": 143
      },
      "19": {
        "name": "RegisterComponent_Template_form_ngSubmit_4_listener",
        "decl": {
          "start": {
            "line": 149,
            "column": 45
          },
          "end": {
            "line": 149,
            "column": 96
          }
        },
        "loc": {
          "start": {
            "line": 149,
            "column": 99
          },
          "end": {
            "line": 151,
            "column": 11
          }
        },
        "line": 149
      },
      "20": {
        "name": "RegisterComponent_Template_button_click_29_listener",
        "decl": {
          "start": {
            "line": 180,
            "column": 42
          },
          "end": {
            "line": 180,
            "column": 93
          }
        },
        "loc": {
          "start": {
            "line": 180,
            "column": 96
          },
          "end": {
            "line": 182,
            "column": 11
          }
        },
        "line": 180
      },
      "21": {
        "name": "RegisterComponent_Template_button_click_31_listener",
        "decl": {
          "start": {
            "line": 186,
            "column": 42
          },
          "end": {
            "line": 186,
            "column": 93
          }
        },
        "loc": {
          "start": {
            "line": 186,
            "column": 96
          },
          "end": {
            "line": 188,
            "column": 11
          }
        },
        "line": 186
      }
    },
    "branchMap": {
      "0": {
        "loc": {
          "start": {
            "line": 15,
            "column": 2
          },
          "end": {
            "line": 19,
            "column": 3
          }
        },
        "type": "if",
        "locations": [
          {
            "start": {
              "line": 15,
              "column": 2
            },
            "end": {
              "line": 19,
              "column": 3
            }
          },
          {
            "start": {
              "line": 15,
              "column": 2
            },
            "end": {
              "line": 19,
              "column": 3
            }
          }
        ],
        "line": 15
      },
      "1": {
        "loc": {
          "start": {
            "line": 22,
            "column": 2
          },
          "end": {
            "line": 26,
            "column": 3
          }
        },
        "type": "if",
        "locations": [
          {
            "start": {
              "line": 22,
              "column": 2
            },
            "end": {
              "line": 26,
              "column": 3
            }
          },
          {
            "start": {
              "line": 22,
              "column": 2
            },
            "end": {
              "line": 26,
              "column": 3
            }
          }
        ],
        "line": 22
      },
      "2": {
        "loc": {
          "start": {
            "line": 27,
            "column": 2
          },
          "end": {
            "line": 31,
            "column": 3
          }
        },
        "type": "if",
        "locations": [
          {
            "start": {
              "line": 27,
              "column": 2
            },
            "end": {
              "line": 31,
              "column": 3
            }
          },
          {
            "start": {
              "line": 27,
              "column": 2
            },
            "end": {
              "line": 31,
              "column": 3
            }
          }
        ],
        "line": 27
      },
      "3": {
        "loc": {
          "start": {
            "line": 30,
            "column": 21
          },
          "end": {
            "line": 30,
            "column": 124
          }
        },
        "type": "cond-expr",
        "locations": [
          {
            "start": {
              "line": 30,
              "column": 118
            },
            "end": {
              "line": 30,
              "column": 119
            }
          },
          {
            "start": {
              "line": 30,
              "column": 122
            },
            "end": {
              "line": 30,
              "column": 124
            }
          }
        ],
        "line": 30
      },
      "4": {
        "loc": {
          "start": {
            "line": 30,
            "column": 22
          },
          "end": {
            "line": 30,
            "column": 114
          }
        },
        "type": "cond-expr",
        "locations": [
          {
            "start": {
              "line": 30,
              "column": 64
            },
            "end": {
              "line": 30,
              "column": 68
            }
          },
          {
            "start": {
              "line": 30,
              "column": 71
            },
            "end": {
              "line": 30,
              "column": 114
            }
          }
        ],
        "line": 30
      },
      "5": {
        "loc": {
          "start": {
            "line": 34,
            "column": 2
          },
          "end": {
            "line": 38,
            "column": 3
          }
        },
        "type": "if",
        "locations": [
          {
            "start": {
              "line": 34,
              "column": 2
            },
            "end": {
              "line": 38,
              "column": 3
            }
          },
          {
            "start": {
              "line": 34,
              "column": 2
            },
            "end": {
              "line": 38,
              "column": 3
            }
          }
        ],
        "line": 34
      },
      "6": {
        "loc": {
          "start": {
            "line": 41,
            "column": 2
          },
          "end": {
            "line": 45,
            "column": 3
          }
        },
        "type": "if",
        "locations": [
          {
            "start": {
              "line": 41,
              "column": 2
            },
            "end": {
              "line": 45,
              "column": 3
            }
          },
          {
            "start": {
              "line": 41,
              "column": 2
            },
            "end": {
              "line": 45,
              "column": 3
            }
          }
        ],
        "line": 41
      },
      "7": {
        "loc": {
          "start": {
            "line": 46,
            "column": 2
          },
          "end": {
            "line": 50,
            "column": 3
          }
        },
        "type": "if",
        "locations": [
          {
            "start": {
              "line": 46,
              "column": 2
            },
            "end": {
              "line": 50,
              "column": 3
            }
          },
          {
            "start": {
              "line": 46,
              "column": 2
            },
            "end": {
              "line": 50,
              "column": 3
            }
          }
        ],
        "line": 46
      },
      "8": {
        "loc": {
          "start": {
            "line": 49,
            "column": 21
          },
          "end": {
            "line": 49,
            "column": 122
          }
        },
        "type": "cond-expr",
        "locations": [
          {
            "start": {
              "line": 49,
              "column": 116
            },
            "end": {
              "line": 49,
              "column": 117
            }
          },
          {
            "start": {
              "line": 49,
              "column": 120
            },
            "end": {
              "line": 49,
              "column": 122
            }
          }
        ],
        "line": 49
      },
      "9": {
        "loc": {
          "start": {
            "line": 49,
            "column": 22
          },
          "end": {
            "line": 49,
            "column": 112
          }
        },
        "type": "cond-expr",
        "locations": [
          {
            "start": {
              "line": 49,
              "column": 63
            },
            "end": {
              "line": 49,
              "column": 67
            }
          },
          {
            "start": {
              "line": 49,
              "column": 70
            },
            "end": {
              "line": 49,
              "column": 112
            }
          }
        ],
        "line": 49
      },
      "10": {
        "loc": {
          "start": {
            "line": 53,
            "column": 2
          },
          "end": {
            "line": 57,
            "column": 3
          }
        },
        "type": "if",
        "locations": [
          {
            "start": {
              "line": 53,
              "column": 2
            },
            "end": {
              "line": 57,
              "column": 3
            }
          },
          {
            "start": {
              "line": 53,
              "column": 2
            },
            "end": {
              "line": 57,
              "column": 3
            }
          }
        ],
        "line": 53
      },
      "11": {
        "loc": {
          "start": {
            "line": 60,
            "column": 2
          },
          "end": {
            "line": 64,
            "column": 3
          }
        },
        "type": "if",
        "locations": [
          {
            "start": {
              "line": 60,
              "column": 2
            },
            "end": {
              "line": 64,
              "column": 3
            }
          },
          {
            "start": {
              "line": 60,
              "column": 2
            },
            "end": {
              "line": 64,
              "column": 3
            }
          }
        ],
        "line": 60
      },
      "12": {
        "loc": {
          "start": {
            "line": 65,
            "column": 2
          },
          "end": {
            "line": 69,
            "column": 3
          }
        },
        "type": "if",
        "locations": [
          {
            "start": {
              "line": 65,
              "column": 2
            },
            "end": {
              "line": 69,
              "column": 3
            }
          },
          {
            "start": {
              "line": 65,
              "column": 2
            },
            "end": {
              "line": 69,
              "column": 3
            }
          }
        ],
        "line": 65
      },
      "13": {
        "loc": {
          "start": {
            "line": 68,
            "column": 21
          },
          "end": {
            "line": 68,
            "column": 116
          }
        },
        "type": "cond-expr",
        "locations": [
          {
            "start": {
              "line": 68,
              "column": 110
            },
            "end": {
              "line": 68,
              "column": 111
            }
          },
          {
            "start": {
              "line": 68,
              "column": 114
            },
            "end": {
              "line": 68,
              "column": 116
            }
          }
        ],
        "line": 68
      },
      "14": {
        "loc": {
          "start": {
            "line": 68,
            "column": 22
          },
          "end": {
            "line": 68,
            "column": 106
          }
        },
        "type": "cond-expr",
        "locations": [
          {
            "start": {
              "line": 68,
              "column": 60
            },
            "end": {
              "line": 68,
              "column": 64
            }
          },
          {
            "start": {
              "line": 68,
              "column": 67
            },
            "end": {
              "line": 68,
              "column": 106
            }
          }
        ],
        "line": 68
      },
      "15": {
        "loc": {
          "start": {
            "line": 72,
            "column": 2
          },
          "end": {
            "line": 76,
            "column": 3
          }
        },
        "type": "if",
        "locations": [
          {
            "start": {
              "line": 72,
              "column": 2
            },
            "end": {
              "line": 76,
              "column": 3
            }
          },
          {
            "start": {
              "line": 72,
              "column": 2
            },
            "end": {
              "line": 76,
              "column": 3
            }
          }
        ],
        "line": 72
      },
      "16": {
        "loc": {
          "start": {
            "line": 79,
            "column": 2
          },
          "end": {
            "line": 83,
            "column": 3
          }
        },
        "type": "if",
        "locations": [
          {
            "start": {
              "line": 79,
              "column": 2
            },
            "end": {
              "line": 83,
              "column": 3
            }
          },
          {
            "start": {
              "line": 79,
              "column": 2
            },
            "end": {
              "line": 83,
              "column": 3
            }
          }
        ],
        "line": 79
      },
      "17": {
        "loc": {
          "start": {
            "line": 84,
            "column": 2
          },
          "end": {
            "line": 88,
            "column": 3
          }
        },
        "type": "if",
        "locations": [
          {
            "start": {
              "line": 84,
              "column": 2
            },
            "end": {
              "line": 88,
              "column": 3
            }
          },
          {
            "start": {
              "line": 84,
              "column": 2
            },
            "end": {
              "line": 88,
              "column": 3
            }
          }
        ],
        "line": 84
      },
      "18": {
        "loc": {
          "start": {
            "line": 87,
            "column": 21
          },
          "end": {
            "line": 87,
            "column": 122
          }
        },
        "type": "cond-expr",
        "locations": [
          {
            "start": {
              "line": 87,
              "column": 116
            },
            "end": {
              "line": 87,
              "column": 117
            }
          },
          {
            "start": {
              "line": 87,
              "column": 120
            },
            "end": {
              "line": 87,
              "column": 122
            }
          }
        ],
        "line": 87
      },
      "19": {
        "loc": {
          "start": {
            "line": 87,
            "column": 22
          },
          "end": {
            "line": 87,
            "column": 112
          }
        },
        "type": "cond-expr",
        "locations": [
          {
            "start": {
              "line": 87,
              "column": 63
            },
            "end": {
              "line": 87,
              "column": 67
            }
          },
          {
            "start": {
              "line": 87,
              "column": 70
            },
            "end": {
              "line": 87,
              "column": 112
            }
          }
        ],
        "line": 87
      },
      "20": {
        "loc": {
          "start": {
            "line": 114,
            "column": 6
          },
          "end": {
            "line": 116,
            "column": 7
          }
        },
        "type": "if",
        "locations": [
          {
            "start": {
              "line": 114,
              "column": 6
            },
            "end": {
              "line": 116,
              "column": 7
            }
          },
          {
            "start": {
              "line": 114,
              "column": 6
            },
            "end": {
              "line": 116,
              "column": 7
            }
          }
        ],
        "line": 114
      },
      "21": {
        "loc": {
          "start": {
            "line": 135,
            "column": 18
          },
          "end": {
            "line": 135,
            "column": 56
          }
        },
        "type": "binary-expr",
        "locations": [
          {
            "start": {
              "line": 135,
              "column": 18
            },
            "end": {
              "line": 135,
              "column": 35
            }
          },
          {
            "start": {
              "line": 135,
              "column": 39
            },
            "end": {
              "line": 135,
              "column": 56
            }
          }
        ],
        "line": 135
      },
      "22": {
        "loc": {
          "start": {
            "line": 144,
            "column": 8
          },
          "end": {
            "line": 191,
            "column": 9
          }
        },
        "type": "if",
        "locations": [
          {
            "start": {
              "line": 144,
              "column": 8
            },
            "end": {
              "line": 191,
              "column": 9
            }
          },
          {
            "start": {
              "line": 144,
              "column": 8
            },
            "end": {
              "line": 191,
              "column": 9
            }
          }
        ],
        "line": 144
      },
      "23": {
        "loc": {
          "start": {
            "line": 192,
            "column": 8
          },
          "end": {
            "line": 211,
            "column": 9
          }
        },
        "type": "if",
        "locations": [
          {
            "start": {
              "line": 192,
              "column": 8
            },
            "end": {
              "line": 211,
              "column": 9
            }
          },
          {
            "start": {
              "line": 192,
              "column": 8
            },
            "end": {
              "line": 211,
              "column": 9
            }
          }
        ],
        "line": 192
      },
      "24": {
        "loc": {
          "start": {
            "line": 196,
            "column": 62
          },
          "end": {
            "line": 196,
            "column": 107
          }
        },
        "type": "binary-expr",
        "locations": [
          {
            "start": {
              "line": 196,
              "column": 62
            },
            "end": {
              "line": 196,
              "column": 75
            }
          },
          {
            "start": {
              "line": 196,
              "column": 79
            },
            "end": {
              "line": 196,
              "column": 107
            }
          }
        ],
        "line": 196
      },
      "25": {
        "loc": {
          "start": {
            "line": 198,
            "column": 27
          },
          "end": {
            "line": 198,
            "column": 82
          }
        },
        "type": "cond-expr",
        "locations": [
          {
            "start": {
              "line": 198,
              "column": 75
            },
            "end": {
              "line": 198,
              "column": 77
            }
          },
          {
            "start": {
              "line": 198,
              "column": 80
            },
            "end": {
              "line": 198,
              "column": 82
            }
          }
        ],
        "line": 198
      },
      "26": {
        "loc": {
          "start": {
            "line": 198,
            "column": 27
          },
          "end": {
            "line": 198,
            "column": 72
          }
        },
        "type": "binary-expr",
        "locations": [
          {
            "start": {
              "line": 198,
              "column": 27
            },
            "end": {
              "line": 198,
              "column": 40
            }
          },
          {
            "start": {
              "line": 198,
              "column": 44
            },
            "end": {
              "line": 198,
              "column": 72
            }
          }
        ],
        "line": 198
      },
      "27": {
        "loc": {
          "start": {
            "line": 200,
            "column": 63
          },
          "end": {
            "line": 200,
            "column": 107
          }
        },
        "type": "binary-expr",
        "locations": [
          {
            "start": {
              "line": 200,
              "column": 63
            },
            "end": {
              "line": 200,
              "column": 76
            }
          },
          {
            "start": {
              "line": 200,
              "column": 80
            },
            "end": {
              "line": 200,
              "column": 107
            }
          }
        ],
        "line": 200
      },
      "28": {
        "loc": {
          "start": {
            "line": 202,
            "column": 27
          },
          "end": {
            "line": 202,
            "column": 81
          }
        },
        "type": "cond-expr",
        "locations": [
          {
            "start": {
              "line": 202,
              "column": 74
            },
            "end": {
              "line": 202,
              "column": 76
            }
          },
          {
            "start": {
              "line": 202,
              "column": 79
            },
            "end": {
              "line": 202,
              "column": 81
            }
          }
        ],
        "line": 202
      },
      "29": {
        "loc": {
          "start": {
            "line": 202,
            "column": 27
          },
          "end": {
            "line": 202,
            "column": 71
          }
        },
        "type": "binary-expr",
        "locations": [
          {
            "start": {
              "line": 202,
              "column": 27
            },
            "end": {
              "line": 202,
              "column": 40
            }
          },
          {
            "start": {
              "line": 202,
              "column": 44
            },
            "end": {
              "line": 202,
              "column": 71
            }
          }
        ],
        "line": 202
      },
      "30": {
        "loc": {
          "start": {
            "line": 204,
            "column": 63
          },
          "end": {
            "line": 204,
            "column": 104
          }
        },
        "type": "binary-expr",
        "locations": [
          {
            "start": {
              "line": 204,
              "column": 63
            },
            "end": {
              "line": 204,
              "column": 76
            }
          },
          {
            "start": {
              "line": 204,
              "column": 80
            },
            "end": {
              "line": 204,
              "column": 104
            }
          }
        ],
        "line": 204
      },
      "31": {
        "loc": {
          "start": {
            "line": 206,
            "column": 27
          },
          "end": {
            "line": 206,
            "column": 78
          }
        },
        "type": "cond-expr",
        "locations": [
          {
            "start": {
              "line": 206,
              "column": 71
            },
            "end": {
              "line": 206,
              "column": 73
            }
          },
          {
            "start": {
              "line": 206,
              "column": 76
            },
            "end": {
              "line": 206,
              "column": 78
            }
          }
        ],
        "line": 206
      },
      "32": {
        "loc": {
          "start": {
            "line": 206,
            "column": 27
          },
          "end": {
            "line": 206,
            "column": 68
          }
        },
        "type": "binary-expr",
        "locations": [
          {
            "start": {
              "line": 206,
              "column": 27
            },
            "end": {
              "line": 206,
              "column": 40
            }
          },
          {
            "start": {
              "line": 206,
              "column": 44
            },
            "end": {
              "line": 206,
              "column": 68
            }
          }
        ],
        "line": 206
      },
      "33": {
        "loc": {
          "start": {
            "line": 208,
            "column": 63
          },
          "end": {
            "line": 208,
            "column": 107
          }
        },
        "type": "binary-expr",
        "locations": [
          {
            "start": {
              "line": 208,
              "column": 63
            },
            "end": {
              "line": 208,
              "column": 76
            }
          },
          {
            "start": {
[...]
      ],
      "mappings": ";;AASA,WAAaA,aAAa;EAApB,MAAOA,aAAa;IAENC,MAAA;IAApBC,YAAoBD,MAAc;MAAd,KAAAA,MAAM,GAANA,MAAM;IAEvB;IAKFE,OAAOA,CAAA;MAEH,IAAI,CAACF,MAAM,CAACG,aAAa,CAAC,OAAO,CAAC;IACrC;IACEC,UAAUA,CAAA;MAET,IAAI,CAACJ,MAAM,CAACG,aAAa,CAAC,UAAU,CAAC;IACxC;;uCAhBWJ,aAAa,EAAAM,EAAA,CAAAC,iBAAA,CAAAC,EAAA,CAAAC,MAAA;IAAA;;YAAbT,aAAa;MAAAU,SAAA;MAAAC,KAAA;MAAAC,IAAA;MAAAC,MAAA;MAAAC,QAAA,WAAAC,uBAAAC,EAAA,EAAAC,GAAA;QAAA,IAAAD,EAAA;UCNlBV,EAHR,CAAAY,cAAA,WAAM,aAE0B,aACN;UAAAZ,EAAA,CAAAa,MAAA,6CAAkB;UAAAb,EAAA,CAAAc,YAAA,EAAM;UAC1Cd,EAAA,CAAAY,cAAA,SAAI;UAAAZ,EAAA,CAAAa,MAAA,kCAA2B;UAAAb,EAAA,CAAAc,YAAA,EAAK;UACpCd,EAAA,CAAAY,cAAA,QAAG;UAAAZ,EAAA,CAAAa,MAAA,6DAAuC;UAAAb,EAAA,CAAAc,YAAA,EAAI;UAGzCd,EADL,CAAAY,cAAA,aAAqB,gBACmC;UAApBZ,EAAA,CAAAe,UAAA,mBAAAC,+CAAA;YAAA,OAASL,GAAA,CAAAd,OAAA,EAAS;UAAA,EAAC;UAACG,EAAA,CAAAa,MAAA,qBAAa;UAAAb,EAAA,CAAAc,YAAA,EAAS;UAC3Ed,EAAA,CAAAY,cAAA,iBAA0D;UAAvBZ,EAAA,CAAAe,UAAA,mBAAAE,gDAAA;YAAA,OAASN,GAAA,CAAAZ,UAAA,EAAY;UAAA,EAAC;UAACC,EAAA,CAAAa,MAAA,sBAAc;UAC3Eb,EAD2E,CAAAc,YAAA,EAAS,EAC9E;UAENd,EAAA,CAAAY,cAAA,cAAyB;UACrBZ,EAAA,CAAAa,MAAA,gFACJ;UAGRb,EAHQ,CAAAc,YAAA,EAAM,EACJ,EAEH;;;;;;SDRMpB,aAAa;AAAA",
      "ignoreList": []
    },
    "_coverageSchema": "1a1c01bbd47fc00a2c39e90264f33305004495a9",
    "hash": "8e9d1b31399ab09839d593df04feaf911f1d4192"
  },
  "/Users/maxime/Documents/workspace-spring-tools-for-eclipse-5.1.1.RELEASE/EtuBibliothèque/Front-end---Testez-et-am-liorez-une-application-existante-main/src/app/app.routes.ts": {
    "path": "/Users/maxime/Documents/workspace-spring-tools-for-eclipse-5.1.1.RELEASE/EtuBibliothèque/Front-end---Testez-et-am-liorez-une-application-existante-main/src/app/app.routes.ts",
    "statementMap": {
      "0": {
        "start": {
          "line": 6,
          "column": 22
        },
        "end": {
          "line": 21,
          "column": 2
        }
      }
    },
    "fnMap": {},
    "branchMap": {},
    "s": {
      "0": 10
    },
    "f": {},
    "b": {},
    "inputSourceMap": {
      "version": 3,
      "names": [
        "RegisterComponent",
        "LoginComponent",
        "ListComponent",
        "EtudiantComponent",
        "HomeComponent",
        "routes",
        "path",
        "component"
      ],
      "sources": [
        "/Users/maxime/Documents/workspace-spring-tools-for-eclipse-5.1.1.RELEASE/EtuBibliothèque/Front-end---Testez-et-am-liorez-une-application-existante-main/src/app/app.routes.ts"
      ],
      "sourcesContent": [
        "import { Routes } from '@angular/router';\nimport {RegisterComponent} from './pages/register/register.component';\nimport {AppComponent} from './app.component';\nimport { LoginComponent } from './pages/login/login.component';\nimport { ListComponent } from './pages/list/list.component';\nimport { EtudiantComponent } from './pages/etudiant/etudiant.component';\nimport { HomeComponent } from './pages/home/home.component';\n\nexport const routes: Routes = [\n  {\n    path: '',\n    component: HomeComponent,\n  },\n  {\n    path: 'register',\n    component: RegisterComponent\n  },\n   {\n    path: 'login',\n    component: LoginComponent\n  },\n\n   {\n    path: 'list',\n    component: ListComponent\n  },\n\n   {\n    path: 'etudiant/:login',\n    component: EtudiantComponent\n  }\n\n];\n"
      ],
      "mappings": "AACA,SAAQA,iBAAiB,QAAO,qCAAqC;AAErE,SAASC,cAAc,QAAQ,+BAA+B;AAC9D,SAASC,aAAa,QAAQ,6BAA6B;AAC3D,SAASC,iBAAiB,QAAQ,qCAAqC;AACvE,SAASC,aAAa,QAAQ,6BAA6B;AAE3D,OAAO,MAAMC,MAAM,GAAW,CAC5B;EACEC,IAAI,EAAE,EAAE;EACRC,SAAS,EAAEH;CACZ,EACD;EACEE,IAAI,EAAE,UAAU;EAChBC,SAAS,EAAEP;CACZ,EACA;EACCM,IAAI,EAAE,OAAO;EACbC,SAAS,EAAEN;CACZ,EAEA;EACCK,IAAI,EAAE,MAAM;EACZC,SAAS,EAAEL;CACZ,EAEA;EACCI,IAAI,EAAE,iBAAiB;EACvBC,SAAS,EAAEJ;CACZ,CAEF",
      "ignoreList": []
    },
    "_coverageSchema": "1a1c01bbd47fc00a2c39e90264f33305004495a9",
    "hash": "244b3e87bb078d767ed8d656c98ef0a4ffac7e40"
  },
  "/Users/maxime/Documents/workspace-spring-tools-for-eclipse-5.1.1.RELEASE/EtuBibliothèque/Front-end---Testez-et-am-liorez-une-application-existante-main/src/app/core/interceptors/auth.interceptor.ts": {
    "path": "/Users/maxime/Documents/workspace-spring-tools-for-eclipse-5.1.1.RELEASE/EtuBibliothèque/Front-end---Testez-et-am-liorez-une-application-existante-main/src/app/core/interceptors/auth.interceptor.ts",
    "statementMap": {
      "0": {
        "start": {
          "line": 1,
          "column": 31
        },
        "end": {
          "line": 15,
          "column": 1
        }
      },
      "1": {
        "start": {
          "line": 3,
          "column": 16
        },
        "end": {
          "line": 3,
          "column": 45
        }
      },
      "2": {
        "start": {
          "line": 5,
          "column": 2
        },
        "end": {
          "line": 12,
          "column": 3
        }
      },
      "3": {
        "start": {
          "line": 6,
          "column": 26
        },
        "end": {
          "line": 10,
          "column": 6
        }
      },
      "4": {
        "start": {
          "line": 11,
          "column": 4
        },
        "end": {
          "line": 11,
          "column": 31
        }
      },
      "5": {
        "start": {
          "line": 14,
          "column": 2
        },
        "end": {
          "line": 14,
          "column": 19
        }
      }
    },
    "fnMap": {
      "0": {
        "name": "(anonymous_0)",
        "decl": {
          "start": {
            "line": 1,
            "column": 31
          },
          "end": {
            "line": 1,
            "column": 32
          }
        },
        "loc": {
          "start": {
            "line": 1,
            "column": 46
          },
          "end": {
            "line": 15,
            "column": 1
          }
        },
        "line": 1
      }
    },
    "branchMap": {
      "0": {
        "loc": {
          "start": {
            "line": 5,
            "column": 2
          },
          "end": {
            "line": 12,
            "column": 3
          }
        },
        "type": "if",
        "locations": [
          {
            "start": {
              "line": 5,
              "column": 2
            },
            "end": {
              "line": 12,
              "column": 3
            }
          },
          {
            "start": {
              "line": 5,
              "column": 2
            },
            "end": {
              "line": 12,
              "column": 3
            }
          }
        ],
        "line": 5
      }
    },
    "s": {
      "0": 10,
      "1": 32,
      "2": 32,
      "3": 22,
      "4": 22,
      "5": 10
    },
    "f": {
      "0": 32
    },
    "b": {
      "0": [
        22,
        10
      ]
    },
    "inputSourceMap": {
      "version": 3,
      "names": [
        "authInterceptor",
        "req",
        "next",
        "token",
        "localStorage",
        "getItem",
        "clonedRequest",
        "clone",
        "setHeaders",
        "Authorization"
      ],
      "sources": [
        "/Users/maxime/Documents/workspace-spring-tools-for-eclipse-5.1.1.RELEASE/EtuBibliothèque/Front-end---Testez-et-am-liorez-une-application-existante-main/src/app/core/interceptors/auth.interceptor.ts"
      ],
      "sourcesContent": [
        "import { HttpInterceptorFn } from '@angular/common/http';\n\nexport const authInterceptor: HttpInterceptorFn = (req, next) => {\n  // Récupère le token depuis le localStorage (là où tu le stockes lors du login)\n  const token = localStorage.getItem('token');\n\n  // Si le token existe, on clone la requête pour ajouter le header\n  if (token) {\n    const clonedRequest = req.clone({\n      setHeaders: {\n        Authorization: `Bearer ${token}`\n      }\n    });\n    return next(clonedRequest);\n  }\n\n  // Sinon, on laisse passer la requête telle quelle (pour le login/register par exemple)\n  return next(req);\n};"
      ],
      "mappings": "AAEA,OAAO,MAAMA,eAAe,GAAsBA,CAACC,GAAG,EAAEC,IAAI,KAAI;EAC9D;EACA,MAAMC,KAAK,GAAGC,YAAY,CAACC,OAAO,CAAC,OAAO,CAAC;EAE3C;EACA,IAAIF,KAAK,EAAE;IACT,MAAMG,aAAa,GAAGL,GAAG,CAACM,KAAK,CAAC;MAC9BC,UAAU,EAAE;QACVC,aAAa,EAAE,UAAUN,KAAK;;KAEjC,CAAC;IACF,OAAOD,IAAI,CAACI,aAAa,CAAC;EAC5B;EAEA;EACA,OAAOJ,IAAI,CAACD,GAAG,CAAC;AAClB,CAAC",
      "ignoreList": []
    },
    "_coverageSchema": "1a1c01bbd47fc00a2c39e90264f33305004495a9",
    "hash": "d9553e62ea0375d6c35d764dee7c94f2e3ccc5cf"
  },
  "/Users/maxime/Documents/workspace-spring-tools-for-eclipse-5.1.1.RELEASE/EtuBibliothèque/Front-end---Testez-et-am-liorez-une-application-existante-main/src/app/app.config.ts": {
    "path": "/Users/maxime/Documents/workspace-spring-tools-for-eclipse-5.1.1.RELEASE/EtuBibliothèque/Front-end---Testez-et-am-liorez-une-application-existante-main/src/app/app.config.ts",
    "statementMap": {
      "0": {
        "start": {
          "line": 6,
          "column": 25
        },
        "end": {
          "line": 10,
          "column": 1
        }
      }
    },
    "fnMap": {},
    "branchMap": {},
    "s": {
      "0": 10
    },
    "f": {},
    "b": {},
    "inputSourceMap": {
      "version": 3,
      "names": [
        "provideZoneChangeDetection",
        "provideRouter",
        "routes",
        "provideHttpClient",
        "withInterceptors",
        "authInterceptor",
        "appConfig",
        "providers",
        "eventCoalescing"
      ],
      "sources": [
        "/Users/maxime/Documents/workspace-spring-tools-for-eclipse-5.1.1.RELEASE/EtuBibliothèque/Front-end---Testez-et-am-liorez-une-application-existante-main/src/app/app.config.ts"
      ],
      "sourcesContent": [
        "import { ApplicationConfig, provideZoneChangeDetection } from '@angular/core';\nimport { provideRouter } from '@angular/router';\n\nimport { routes } from './app.routes';\nimport {provideHttpClient, withInterceptors} from '@angular/common/http';\nimport { authInterceptor } from './core/interceptors/auth.interceptor';\n\nexport const appConfig: ApplicationConfig = {\n  providers: [\n    provideHttpClient(),\n    provideZoneChangeDetection({ eventCoalescing: true }), provideRouter(routes),\n  provideHttpClient(withInterceptors([authInterceptor]))]\n\n};\n"
      ],
      "mappings": "AAAA,SAA4BA,0BAA0B,QAAQ,eAAe;AAC7E,SAASC,aAAa,QAAQ,iBAAiB;AAE/C,SAASC,MAAM,QAAQ,cAAc;AACrC,SAAQC,iBAAiB,EAAEC,gBAAgB,QAAO,sBAAsB;AACxE,SAASC,eAAe,QAAQ,sCAAsC;AAEtE,OAAO,MAAMC,SAAS,GAAsB;EAC1CC,SAAS,EAAE,CACTJ,iBAAiB,EAAE,EACnBH,0BAA0B,CAAC;IAAEQ,eAAe,EAAE;EAAI,CAAE,CAAC,EAAEP,aAAa,CAACC,MAAM,CAAC,EAC9EC,iBAAiB,CAACC,gBAAgB,CAAC,CAACC,eAAe,CAAC,CAAC,CAAC;CAEvD",
      "ignoreList": []
    },
    "_coverageSchema": "1a1c01bbd47fc00a2c39e90264f33305004495a9",
    "hash": "a51d418ea750df0aa1f7e07442ae28c93d46057c"
  },
  "/Users/maxime/Documents/workspace-spring-tools-for-eclipse-5.1.1.RELEASE/EtuBibliothèque/Front-end---Testez-et-am-liorez-une-application-existante-main/src/app/app.component.ts": {
    "path": "/Users/maxime/Documents/workspace-spring-tools-for-eclipse-5.1.1.RELEASE/EtuBibliothèque/Front-end---Testez-et-am-liorez-une-application-existante-main/src/app/app.component.ts",
    "statementMap": {
      "0": {
        "start": {
          "line": 3,
          "column": 39
        },
        "end": {
          "line": 24,
          "column": 4
        }
      },
      "1": {
        "start": {
          "line": 5,
          "column": 12
        },
        "end": {
          "line": 5,
          "column": 31
        }
      },
      "2": {
        "start": {
          "line": 6,
          "column": 18
        },
        "end": {
          "line": 8,
          "column": 5
        }
      },
      "3": {
        "start": {
          "line": 7,
          "column": 6
        },
        "end": {
          "line": 7,
          "column": 55
        }
      },
      "4": {
        "start": {
          "line": 9,
          "column": 31
        },
        "end": {
          "line": 21,
          "column": 6
        }
      },
      "5": {
        "start": {
          "line": 15,
          "column": 8
        },
        "end": {
          "line": 17,
          "column": 9
        }
      },
      "6": {
        "start": {
          "line": 16,
          "column": 10
        },
        "end": {
          "line": 16,
          "column": 43
        }
      },
      "7": {
        "start": {
          "line": 23,
          "column": 2
        },
        "end": {
          "line": 23,
          "column": 22
        }
      }
    },
    "fnMap": {
      "0": {
        "name": "(anonymous_0)",
        "decl": {
          "start": {
            "line": 3,
            "column": 40
          },
          "end": {
            "line": 3,
            "column": 41
          }
        },
        "loc": {
          "start": {
            "line": 3,
            "column": 46
          },
          "end": {
            "line": 24,
            "column": 1
          }
        },
        "line": 3
      },
      "1": {
        "name": "AppComponent_Factory",
        "decl": {
          "start": {
            "line": 6,
            "column": 27
          },
          "end": {
            "line": 6,
            "column": 47
          }
        },
        "loc": {
          "start": {
            "line": 6,
            "column": 67
          },
          "end": {
            "line": 8,
            "column": 5
          }
        },
        "line": 6
      },
      "2": {
        "name": "AppComponent_Template",
        "decl": {
          "start": {
            "line": 14,
            "column": 25
          },
          "end": {
            "line": 14,
            "column": 46
          }
        },
        "loc": {
          "start": {
            "line": 14,
            "column": 56
          },
          "end": {
            "line": 18,
            "column": 7
          }
        },
        "line": 14
      }
    },
    "branchMap": {
      "0": {
        "loc": {
          "start": {
            "line": 7,
            "column": 18
          },
          "end": {
            "line": 7,
            "column": 51
          }
        },
        "type": "binary-expr",
        "locations": [
          {
            "start": {
              "line": 7,
              "column": 18
            },
            "end": {
              "line": 7,
              "column": 35
            }
          },
          {
            "start": {
              "line": 7,
              "column": 39
            },
            "end": {
              "line": 7,
              "column": 51
            }
          }
        ],
        "line": 7
      },
      "1": {
        "loc": {
          "start": {
            "line": 15,
            "column": 8
          },
          "end": {
            "line": 17,
            "column": 9
          }
        },
        "type": "if",
        "locations": [
          {
            "start": {
              "line": 15,
              "column": 8
            },
            "end": {
              "line": 17,
              "column": 9
            }
          },
          {
            "start": {
              "line": 15,
              "column": 8
            },
            "end": {
              "line": 17,
              "column": 9
            }
          }
        ],
        "line": 15
      }
    },
    "s": {
      "0": 10,
      "1": 10,
      "2": 10,
      "3": 10,
      "4": 10,
      "5": 522,
      "6": 10,
      "7": 10
    },
    "f": {
      "0": 10,
      "1": 10,
      "2": 522
    },
    "b": {
      "0": [
        10,
        10
      ],
      "1": [
        10,
        512
      ]
    },
    "inputSourceMap": {
      "version": 3,
      "names": [
        "RouterOutlet",
        "AppComponent",
        "title",
        "selectors",
        "decls",
        "vars",
        "template",
        "AppComponent_Template",
        "rf",
        "ctx",
        "i0",
        "ɵɵelement",
        "styles"
      ],
      "sources": [
        "/Users/maxime/Documents/workspace-spring-tools-for-eclipse-5.1.1.RELEASE/EtuBibliothèque/Front-end---Testez-et-am-liorez-une-application-existante-main/src/app/app.component.ts",
        "/Users/maxime/Documents/workspace-spring-tools-for-eclipse-5.1.1.RELEASE/EtuBibliothèque/Front-end---Testez-et-am-liorez-une-application-existante-main/src/app/app.component.html"
      ],
      "sourcesContent": [
        "import { Component } from '@angular/core';\nimport { RouterOutlet } from '@angular/router';\n\n@Component({\n  selector: 'app-root',\n  templateUrl: './app.component.html',\n  imports: [\n    RouterOutlet\n  ],\n  styleUrl: './app.component.css'\n})\nexport class AppComponent {\n  title = 'etudiant-frontend';\n}\n",
        "<router-outlet/>\n"
      ],
      "mappings": "AACA,SAASA,YAAY,QAAQ,iBAAiB;;AAU9C,WAAaC,YAAY;EAAnB,MAAOA,YAAY;IACvBC,KAAK,GAAG,mBAAmB;;uCADhBD,YAAY;IAAA;;YAAZA,YAAY;MAAAE,SAAA;MAAAC,KAAA;MAAAC,IAAA;MAAAC,QAAA,WAAAC,sBAAAC,EAAA,EAAAC,GAAA;QAAA,IAAAD,EAAA;UCXzBE,EAAA,CAAAC,SAAA,oBAAgB;;;qBDOZX,YAAY;MAAAY,MAAA;IAAA;;SAIHX,YAAY;AAAA",
      "ignoreList": []
    },
    "_coverageSchema": "1a1c01bbd47fc00a2c39e90264f33305004495a9",
    "hash": "422fa90ede7e3394341ea03f77561c075465358a"
  },
  "/Users/maxime/Documents/workspace-spring-tools-for-eclipse-5.1.1.RELEASE/EtuBibliothèque/Front-end---Testez-et-am-liorez-une-application-existante-main/src/main.ts": {
    "path": "/Users/maxime/Documents/workspace-spring-tools-for-eclipse-5.1.1.RELEASE/EtuBibliothèque/Front-end---Testez-et-am-liorez-une-application-existante-main/src/main.ts",
    "statementMap": {
      "0": {
        "start": {
          "line": 4,
          "column": 0
        },
        "end": {
          "line": 4,
          "column": 79
        }
      },
      "1": {
        "start": {
          "line": 4,
          "column": 59
        },
        "end": {
          "line": 4,
          "column": 77
        }
      }
    },
    "fnMap": {
      "0": {
        "name": "(anonymous_0)",
        "decl": {
          "start": {
            "line": 4,
            "column": 52
          },
          "end": {
            "line": 4,
            "column": 53
          }
        },
        "loc": {
          "start": {
            "line": 4,
            "column": 59
          },
          "end": {
            "line": 4,
            "column": 77
          }
        },
        "line": 4
      }
    },
    "branchMap": {},
    "s": {
      "0": 10,
      "1": 0
    },
    "f": {
      "0": 0
    },
    "b": {},
    "inputSourceMap": {
      "version": 3,
      "names": [
        "bootstrapApplication",
        "appConfig",
        "AppComponent",
        "catch",
        "err",
        "console",
        "error"
      ],
      "sources": [
        "/Users/maxime/Documents/workspace-spring-tools-for-eclipse-5.1.1.RELEASE/EtuBibliothèque/Front-end---Testez-et-am-liorez-une-application-existante-main/src/main.ts"
      ],
      "sourcesContent": [
        "import { bootstrapApplication } from '@angular/platform-browser';\nimport { appConfig } from './app/app.config';\nimport { AppComponent } from './app/app.component';\n\nbootstrapApplication(AppComponent, appConfig)\n  .catch((err) => console.error(err));\n"
      ],
      "mappings": "AAAA,SAASA,oBAAoB,QAAQ,2BAA2B;AAChE,SAASC,SAAS,QAAQ,kBAAkB;AAC5C,SAASC,YAAY,QAAQ,qBAAqB;AAElDF,oBAAoB,CAACE,YAAY,EAAED,SAAS,CAAC,CAC1CE,KAAK,CAAEC,GAAG,IAAKC,OAAO,CAACC,KAAK,CAACF,GAAG,CAAC,CAAC",
      "ignoreList": []
    },
    "_coverageSchema": "1a1c01bbd47fc00a2c39e90264f33305004495a9",
    "hash": "aec88adcbfd8d364756bd52a6c6b365561c31820"
  }
}